<?xml version="1.0" encoding="UTF-8"?>
<testsuite name="CollectionTest" tests="1" skipped="0" failures="0" errors="0" timestamp="2020-04-06T23:17:52" hostname="Aldrins-MBP" time="0.023">
  <properties/>
  <testcase name="deque()" classname="CollectionTest" time="0.023"/>
  <system-out><![CDATA[]]></system-out>
  <system-err><![CDATA[]]></system-err>
</testsuite>
